Library/Bee/Android/Prj/Mono2x/Gradle/launcher/build/intermediates/manifest_merge_blame_file/release/manifest-merger-blame-release-report.txt
1<?xml version="1.0" encoding="utf-8"?>
2<manifest xmlns:android="http://schemas.android.com/apk/res/android"
3    package="com.TencentXiaoCeLaoGroup.Taichi"
4    android:installLocation="preferExternal"
5    android:versionCode="1"
6    android:versionName="1.0" >
7
8    <uses-sdk
9        android:minSdkVersion="22"
9-->src\main\AndroidManifest.xml
10        android:targetSdkVersion="30" />
10-->src\main\AndroidManifest.xml
11
12    <supports-screens
12-->src\main\AndroidManifest.xml:3:3-163
13        android:anyDensity="true"
13-->src\main\AndroidManifest.xml:3:135-160
14        android:largeScreens="true"
14-->src\main\AndroidManifest.xml:3:78-105
15        android:normalScreens="true"
15-->src\main\AndroidManifest.xml:3:49-77
16        android:smallScreens="true"
16-->src\main\AndroidManifest.xml:3:21-48
17        android:xlargeScreens="true" />
17-->src\main\AndroidManifest.xml:3:106-134
18
19    <uses-permission android:name="android.permission.ACCESS_NETWORK_STATE" />
19-->src\main\AndroidManifest.xml:7:3-77
19-->src\main\AndroidManifest.xml:7:20-74
20    <uses-permission android:name="android.permission.INTERNET" />
20-->src\main\AndroidManifest.xml:8:3-65
20-->src\main\AndroidManifest.xml:8:20-62
21
22    <uses-feature android:glEsVersion="0x00030000" />
22-->[:unityLibrary] AndroidManifest.xml:12:5-54
22-->[:unityLibrary] AndroidManifest.xml:12:19-51
23    <uses-feature
23-->[:unityLibrary] AndroidManifest.xml:13:5-15:36
24        android:name="android.hardware.vulkan.version"
24-->[:unityLibrary] AndroidManifest.xml:14:9-55
25        android:required="false" />
25-->[:unityLibrary] AndroidManifest.xml:15:9-33
26    <uses-feature
26-->[:unityLibrary] AndroidManifest.xml:20:5-22:36
27        android:name="android.hardware.touchscreen"
27-->[:unityLibrary] AndroidManifest.xml:21:9-52
28        android:required="false" />
28-->[:unityLibrary] AndroidManifest.xml:22:9-33
29    <uses-feature
29-->[:unityLibrary] AndroidManifest.xml:23:5-25:36
30        android:name="android.hardware.touchscreen.multitouch"
30-->[:unityLibrary] AndroidManifest.xml:24:9-63
31        android:required="false" />
31-->[:unityLibrary] AndroidManifest.xml:25:9-33
32    <uses-feature
32-->[:unityLibrary] AndroidManifest.xml:26:5-28:36
33        android:name="android.hardware.touchscreen.multitouch.distinct"
33-->[:unityLibrary] AndroidManifest.xml:27:9-72
34        android:required="false" />
34-->[:unityLibrary] AndroidManifest.xml:28:9-33
35
36    <uses-permission android:name="com.android.vending.BILLING" />
36-->[:billing-3.0.3:] AndroidManifest.xml:10:5-67
36-->[:billing-3.0.3:] AndroidManifest.xml:10:22-64
37
38    <application
38-->src\main\AndroidManifest.xml:4:3-6:17
39        android:extractNativeLibs="true"
39-->[:unityLibrary] AndroidManifest.xml:30:18-50
40        android:icon="@mipmap/app_icon"
40-->src\main\AndroidManifest.xml:4:49-80
41        android:label="@string/app_name"
41-->src\main\AndroidManifest.xml:4:16-48
42        android:roundIcon="@mipmap/app_icon_round" >
42-->src\main\AndroidManifest.xml:4:81-123
43        <meta-data
43-->src\main\AndroidManifest.xml:5:5-78
44            android:name="unity.builder"
44-->src\main\AndroidManifest.xml:5:16-44
45            android:value="\1375093676312" />
45-->src\main\AndroidManifest.xml:5:45-75
46
47        <activity
47-->[:unityLibrary] AndroidManifest.xml:31:9-51:20
48            android:name="com.unity3d.player.UnityPlayerActivity"
48-->[:unityLibrary] AndroidManifest.xml:32:13-66
49            android:configChanges="mcc|mnc|locale|touchscreen|keyboard|keyboardHidden|navigation|orientation|screenLayout|uiMode|screenSize|smallestScreenSize|fontScale|layoutDirection|density"
49-->[:unityLibrary] AndroidManifest.xml:33:13-194
50            android:hardwareAccelerated="false"
50-->[:unityLibrary] AndroidManifest.xml:34:13-48
51            android:launchMode="singleTask"
51-->[:unityLibrary] AndroidManifest.xml:35:13-44
52            android:resizeableActivity="false"
52-->[:unityLibrary] AndroidManifest.xml:36:13-47
53            android:screenOrientation="sensorLandscape"
53-->[:unityLibrary] AndroidManifest.xml:37:13-56
54            android:theme="@style/UnityThemeSelector" >
54-->[:unityLibrary] AndroidManifest.xml:38:13-54
55            <intent-filter>
55-->[:unityLibrary] AndroidManifest.xml:39:13-43:29
56                <action android:name="android.intent.action.MAIN" />
56-->[:unityLibrary] AndroidManifest.xml:40:17-69
56-->[:unityLibrary] AndroidManifest.xml:40:25-66
57
58                <category android:name="android.intent.category.LAUNCHER" />
58-->[:unityLibrary] AndroidManifest.xml:42:17-77
58-->[:unityLibrary] AndroidManifest.xml:42:27-74
59            </intent-filter>
60
61            <meta-data
61-->[:unityLibrary] AndroidManifest.xml:45:13-47:40
62                android:name="unityplayer.UnityActivity"
62-->[:unityLibrary] AndroidManifest.xml:46:17-57
63                android:value="true" />
63-->[:unityLibrary] AndroidManifest.xml:47:17-37
64            <meta-data
64-->[:unityLibrary] AndroidManifest.xml:48:13-50:40
65                android:name="android.notch_support"
65-->[:unityLibrary] AndroidManifest.xml:49:17-53
66                android:value="true" />
66-->[:unityLibrary] AndroidManifest.xml:50:17-37
67        </activity>
68
69        <meta-data
69-->[:unityLibrary] AndroidManifest.xml:53:9-55:33
70            android:name="unity.splash-mode"
70-->[:unityLibrary] AndroidManifest.xml:54:13-45
71            android:value="0" />
71-->[:unityLibrary] AndroidManifest.xml:55:13-30
72        <meta-data
72-->[:unityLibrary] AndroidManifest.xml:56:9-58:36
73            android:name="unity.splash-enable"
73-->[:unityLibrary] AndroidManifest.xml:57:13-47
74            android:value="True" />
74-->[:unityLibrary] AndroidManifest.xml:58:13-33
75        <meta-data
75-->[:unityLibrary] AndroidManifest.xml:59:9-61:36
76            android:name="unity.launch-fullscreen"
76-->[:unityLibrary] AndroidManifest.xml:60:13-51
77            android:value="True" />
77-->[:unityLibrary] AndroidManifest.xml:61:13-33
78        <meta-data
78-->[:unityLibrary] AndroidManifest.xml:62:9-64:37
79            android:name="unity.allow-resizable-window"
79-->[:unityLibrary] AndroidManifest.xml:63:13-56
80            android:value="False" />
80-->[:unityLibrary] AndroidManifest.xml:64:13-34
81        <meta-data
81-->[:unityLibrary] AndroidManifest.xml:65:9-67:50
82            android:name="notch.config"
82-->[:unityLibrary] AndroidManifest.xml:66:13-40
83            android:value="portrait|landscape" />
83-->[:unityLibrary] AndroidManifest.xml:67:13-47
84
85        <activity
85-->[:UnityAds:] AndroidManifest.xml:13:9-17:74
86            android:name="com.unity3d.services.ads.adunit.AdUnitActivity"
86-->[:UnityAds:] AndroidManifest.xml:14:13-74
87            android:configChanges="fontScale|keyboard|keyboardHidden|locale|mnc|mcc|navigation|orientation|screenLayout|screenSize|smallestScreenSize|uiMode|touchscreen"
87-->[:UnityAds:] AndroidManifest.xml:15:13-170
88            android:hardwareAccelerated="true"
88-->[:UnityAds:] AndroidManifest.xml:16:13-47
89            android:theme="@android:style/Theme.NoTitleBar.Fullscreen" />
89-->[:UnityAds:] AndroidManifest.xml:17:13-71
90        <activity
90-->[:UnityAds:] AndroidManifest.xml:18:9-22:86
91            android:name="com.unity3d.services.ads.adunit.AdUnitTransparentActivity"
91-->[:UnityAds:] AndroidManifest.xml:19:13-85
92            android:configChanges="fontScale|keyboard|keyboardHidden|locale|mnc|mcc|navigation|orientation|screenLayout|screenSize|smallestScreenSize|uiMode|touchscreen"
92-->[:UnityAds:] AndroidManifest.xml:20:13-170
93            android:hardwareAccelerated="true"
93-->[:UnityAds:] AndroidManifest.xml:21:13-47
94            android:theme="@android:style/Theme.Translucent.NoTitleBar.Fullscreen" />
94-->[:UnityAds:] AndroidManifest.xml:22:13-83
95        <activity
95-->[:UnityAds:] AndroidManifest.xml:23:9-27:86
96            android:name="com.unity3d.services.ads.adunit.AdUnitTransparentSoftwareActivity"
96-->[:UnityAds:] AndroidManifest.xml:24:13-93
97            android:configChanges="fontScale|keyboard|keyboardHidden|locale|mnc|mcc|navigation|orientation|screenLayout|screenSize|smallestScreenSize|uiMode|touchscreen"
97-->[:UnityAds:] AndroidManifest.xml:25:13-170
98            android:hardwareAccelerated="false"
98-->[:UnityAds:] AndroidManifest.xml:26:13-48
99            android:theme="@android:style/Theme.Translucent.NoTitleBar.Fullscreen" />
99-->[:UnityAds:] AndroidManifest.xml:27:13-83
100        <activity
100-->[:UnityAds:] AndroidManifest.xml:28:9-32:74
101            android:name="com.unity3d.services.ads.adunit.AdUnitSoftwareActivity"
101-->[:UnityAds:] AndroidManifest.xml:29:13-82
102            android:configChanges="fontScale|keyboard|keyboardHidden|locale|mnc|mcc|navigation|orientation|screenLayout|screenSize|smallestScreenSize|uiMode|touchscreen"
102-->[:UnityAds:] AndroidManifest.xml:30:13-170
103            android:hardwareAccelerated="false"
103-->[:UnityAds:] AndroidManifest.xml:31:13-48
104            android:theme="@android:style/Theme.NoTitleBar.Fullscreen" />
104-->[:UnityAds:] AndroidManifest.xml:32:13-71
105
106        <meta-data
106-->[:billing-3.0.3:] AndroidManifest.xml:13:9-15:37
107            android:name="com.google.android.play.billingclient.version"
107-->[:billing-3.0.3:] AndroidManifest.xml:14:13-73
108            android:value="3.0.3" />
108-->[:billing-3.0.3:] AndroidManifest.xml:15:13-34
109
110        <activity
110-->[:billing-3.0.3:] AndroidManifest.xml:17:9-21:75
111            android:name="com.android.billingclient.api.ProxyBillingActivity"
111-->[:billing-3.0.3:] AndroidManifest.xml:18:13-78
112            android:configChanges="keyboard|keyboardHidden|screenLayout|screenSize|orientation"
112-->[:billing-3.0.3:] AndroidManifest.xml:19:13-96
113            android:exported="false"
113-->[:billing-3.0.3:] AndroidManifest.xml:20:13-37
114            android:theme="@android:style/Theme.Translucent.NoTitleBar" />
114-->[:billing-3.0.3:] AndroidManifest.xml:21:13-72
115    </application>
116
117</manifest>